<?xml version="1.0" encoding="UTF-8"?>
<!-- Generated by org.testng.reporters.JUnitReportReporter -->
<testsuite skipped="0" hostname="Shreeram" name="com.saucedemo.www.testsuite.LoginTest" tests="2" failures="0" timestamp="2023-05-08T08:59:53 BST" time="5.501" errors="0">
  <testcase name="userSholdLoginSuccessfullyWithValidCredentials" time="3.450" classname="com.saucedemo.www.testsuite.LoginTest"/>
  <system-out>
    <![CDATA[Enter UserName
Enter Password
Click On LoginButton
Get Products Title]]>
  </system-out>
  <testcase name="verifyThatSixProductsAreDisplayedOnPage" time="2.051" classname="com.saucedemo.www.testsuite.LoginTest"/>
  <system-out>
    <![CDATA[Enter UserName
Enter Password
Click On LoginButton
Get Number of product displayed]]>
  </system-out>
</testsuite> <!-- com.saucedemo.www.testsuite.LoginTest -->
